DiagnosticsPlugin.exe Information: 0 : [17.12.2015 21:57:03] Starting DiagnosticPlugin.exe DiagnosticPlugin-ShutdownEvent DiagnosticPlugin-TotalShutdownEvent -wadVer1v4
DiagnosticsPlugin.exe Error: 0 : [17.12.2015 21:57:03] Failed to save IIS Directory state
DiagnosticsPlugin.exe Error: 0 : [17.12.2015 21:57:03] System.UnauthorizedAccessException: Dosya adı: redirection.config
Hata: Yetersiz izinler nedeniyle yapılandırma dosyası okunamıyor


   konum: Microsoft.Web.Administration.Interop.AppHostWritableAdminManager.GetAdminSection(String bstrSectionName, String bstrSectionPath)
   konum: Microsoft.Web.Administration.Configuration.GetSectionInternal(ConfigurationSection section, String sectionPath, String locationPath)
   konum: Microsoft.Web.Administration.ServerManager.SitesSectionCreator()
   konum: Microsoft.Web.Administration.Lazy.Initialize[T](T& target, CreateInstanceDelegate`1 valueFactory)
   konum: Microsoft.Web.Administration.ServerManager.SitesCollectionCreator()
   konum: Microsoft.Web.Administration.Lazy.Initialize[T](T& target, CreateInstanceDelegate`1 valueFactory)
   konum: Microsoft.Azure.Plugins.Plugin.DiagnosticsPluginManager.SaveIISDirectoryState()
DiagnosticsPlugin.exe Information: 0 : [17.12.2015 21:57:03] Starting DiagnosticsPlugin
DiagnosticsPlugin.exe Information: 0 : [17.12.2015 21:57:03] Emulator config file set to c:\users\resul_onder\documents\visual studio 2015\Projects\projeoneritakipsistemi\AzureCloudService2\csx\Debug\roles\WebRole1\approot\diagnostics.wadcfgx
DiagnosticsPlugin.exe Information: 0 : [17.12.2015 21:57:03] DiagnosticsStoreRootPath set to: C:\Users\resul_onder\AppData\Local\dftmp\Resources\0c40c9fc-732c-4a2b-9a5f-2b860445d41d
DiagnosticsPlugin.exe Information: 0 : [17.12.2015 21:57:03] Loading config file: c:\users\resul_onder\documents\visual studio 2015\Projects\projeoneritakipsistemi\AzureCloudService2\csx\Debug\roles\WebRole1\approot\diagnostics.wadcfgx
DiagnosticsPlugin.exe Information: 0 : [17.12.2015 21:57:03] Checking VM Type
DiagnosticsPlugin.exe Information: 0 : [17.12.2015 21:57:03] Emulator config file set to c:\users\resul_onder\documents\visual studio 2015\Projects\projeoneritakipsistemi\AzureCloudService2\csx\Debug\roles\WebRole1\approot\diagnostics.wadcfgx
DiagnosticsPlugin.exe Information: 0 : [17.12.2015 21:57:03] Extension set to Emulator Mode
DiagnosticsPlugin.exe Information: 0 : [17.12.2015 21:57:03] Reading XML configuration file
DiagnosticsPlugin.exe Information: 0 : [17.12.2015 21:57:03] Bypassing private config decryption
DiagnosticsPlugin.exe Information: 0 : [17.12.2015 21:57:03] WadCfg is provided in initial configuration. Using that to initialize Diagnostics.
DiagnosticsPlugin.exe Information: 0 : [17.12.2015 21:57:03] <PublicConfig xmlns="http://schemas.microsoft.com/ServiceHosting/2010/10/DiagnosticsConfiguration">
  <WadCfg>
    <DiagnosticMonitorConfiguration overallQuotaInMB="4096">
      <DiagnosticInfrastructureLogs scheduledTransferLogLevelFilter="Error" />
      <Logs scheduledTransferPeriod="PT1M" scheduledTransferLogLevelFilter="Error" />
      <Directories scheduledTransferPeriod="PT1M">
        <IISLogs containerName="wad-iis-logfiles" />
        <FailedRequestLogs containerName="wad-failedrequestlogs" />
      </Directories>
      <WindowsEventLog scheduledTransferPeriod="PT1M">
        <DataSource name="Application!*" />
      </WindowsEventLog>
      <CrashDumps containerName="wad-crashdumps" dumpType="Mini">
        <CrashDumpConfiguration processName="WaIISHost.exe" />
        <CrashDumpConfiguration processName="WaWorkerHost.exe" />
        <CrashDumpConfiguration processName="w3wp.exe" />
      </CrashDumps>
      <PerformanceCounters scheduledTransferPeriod="PT1M">
        <PerformanceCounterConfiguration counterSpecifier="\Memory\Available MBytes" sampleRate="PT3M" />
        <PerformanceCounterConfiguration counterSpecifier="\Web Service(_Total)\ISAPI Extension Requests/sec" sampleRate="PT3M" />
        <PerformanceCounterConfiguration counterSpecifier="\Web Service(_Total)\Bytes Total/Sec" sampleRate="PT3M" />
        <PerformanceCounterConfiguration counterSpecifier="\ASP.NET Applications(__Total__)\Requests/Sec" sampleRate="PT3M" />
        <PerformanceCounterConfiguration counterSpecifier="\ASP.NET Applications(__Total__)\Errors Total/Sec" sampleRate="PT3M" />
        <PerformanceCounterConfiguration counterSpecifier="\ASP.NET\Requests Queued" sampleRate="PT3M" />
        <PerformanceCounterConfiguration counterSpecifier="\ASP.NET\Requests Rejected" sampleRate="PT3M" />
        <PerformanceCounterConfiguration counterSpecifier="\Processor(_Total)\% Processor Time" sampleRate="PT3M" />
      </PerformanceCounters>
    </DiagnosticMonitorConfiguration>
  </WadCfg>
  <StorageAccount>devstoreaccount1</StorageAccount>
</PublicConfig>
DiagnosticsPlugin.exe Information: 0 : [17.12.2015 21:57:03] Private setting is loaded
DiagnosticsPlugin.exe Information: 0 : [17.12.2015 21:57:04] Successfully created checkpoint file C:\Users\resul_onder\AppData\Local\dftmp\Resources\0c40c9fc-732c-4a2b-9a5f-2b860445d41d\WAD0104\Configuration\Checkpoint.txt
DiagnosticsPlugin.exe Information: 0 : [17.12.2015 21:57:04] Will use local resource directory C:\Users\resul_onder\AppData\Local\dftmp\Resources\0c40c9fc-732c-4a2b-9a5f-2b860445d41d\WAD0104
DiagnosticsPlugin.exe Information: 0 : [17.12.2015 21:57:04] Will use endpoint https://core.windows.net for storage.
DiagnosticsPlugin.exe Error: 0 : [17.12.2015 21:57:05] Exception in creating the ServerManager; is IIS installed?
 Error:System.UnauthorizedAccessException: Dosya adı: redirection.config
Hata: Yetersiz izinler nedeniyle yapılandırma dosyası okunamıyor


   konum: Microsoft.Web.Administration.Interop.AppHostWritableAdminManager.GetAdminSection(String bstrSectionName, String bstrSectionPath)
   konum: Microsoft.Web.Administration.Configuration.GetSectionInternal(ConfigurationSection section, String sectionPath, String locationPath)
   konum: Microsoft.Web.Administration.ServerManager.SitesSectionCreator()
   konum: Microsoft.Web.Administration.Lazy.Initialize[T](T& target, CreateInstanceDelegate`1 valueFactory)
   konum: Microsoft.Web.Administration.ServerManager.SitesCollectionCreator()
   konum: Microsoft.Web.Administration.Lazy.Initialize[T](T& target, CreateInstanceDelegate`1 valueFactory)
   konum: Microsoft.Azure.Plugins.Plugin.WadConfigProcessor.AddDirectories(EventsType mdsEvents, Directories wadDirectories)
DiagnosticsPlugin.exe Information: 0 : [17.12.2015 21:57:05] Running in emulator mode, crash dumps not enabled
DiagnosticsPlugin.exe Information: 0 : [17.12.2015 21:57:05] In emulator mode and using devstore updating XStoreAccount info, command line args: -LocalPath "C:\Users\resul_onder\AppData\Local\dftmp\Resources\0c40c9fc-732c-4a2b-9a5f-2b860445d41d\WAD0104"  -ConfigFile "C:\Users\resul_onder\AppData\Local\dftmp\Resources\0c40c9fc-732c-4a2b-9a5f-2b860445d41d\WAD0104\Configuration\MaConfig.xml" -ShutDownEvent WADDM-ShutDown-67dc9f56c4274757a837a64dcd60d9aa  -TotalShutDownEvent WADDM-TotalShutDown-67dc9f56c4274757a837a64dcd60d9aa -InitializedEvent WADM-StartUp-67dc9f56c4274757a837a64dcd60d9aa -parent 8300 -events -wadVer1v4 -UseProxyServer -XStoreAccounts WadAccount#true#devstoreaccount1#Eby8vdM02xNOcqFlqUwJPLlmEtlCDXJ1OUzFT50uSRZ6IFsuFq2UVErCz4I6tq/K1SZFPTOtr/KBHBeksoGMGw==#http://127.0.0.1:10002#http://127.0.0.1:10001#http://127.0.0.1:10000
